<?xml version="1.0" encoding="utf-8"?><testsuites name="pytest tests"><testsuite name="pytest" errors="0" failures="1" skipped="0" tests="119" time="103.465" timestamp="2026-06-28T21:15:54.211459+00:00" hostname="3aa3ab5697ff"><testcase classname="backend.tests.test_activities_api" name="test_activities_list_empty" time="3.320" /><testcase classname="backend.tests.test_activities_api" name="test_activities_list_unauthenticated_returns_401" time="0.630" /><testcase classname="backend.tests.test_activities_api" name="test_activities_create_admin" time="0.727" /><testcase classname="backend.tests.test_activities_api" name="test_activities_create_requires_type" time="0.730" /><testcase classname="backend.tests.test_activities_api" name="test_activities_create_requires_description" time="0.642" /><testcase classname="backend.tests.test_activities_api" name="test_activities_read_by_id" time="0.800" /><testcase classname="backend.tests.test_activities_api" name="test_activities_read_nonexistent" time="0.923" /><testcase classname="backend.tests.test_activities_api" name="test_activities_update_admin" time="0.849" /><testcase classname="backend.tests.test_activities_api" name="test_activities_delete_admin" time="0.907" /><testcase classname="backend.tests.test_activities_api" name="test_activities_delete_nonexistent" time="0.694" /><testcase classname="backend.tests.test_activities_api" name="test_activities_status_defaults_to_pending" time="1.387" /><testcase classname="backend.tests.test_activities_api" name="test_activities_create_non_admin_returns_403" time="0.702" /><testcase classname="backend.tests.test_activities_api" name="test_activities_update_non_admin_returns_403" time="0.801" /><testcase classname="backend.tests.test_activities_api" name="test_activities_delete_non_admin_returns_403" time="1.272" /><testcase classname="backend.tests.test_activities_api" name="test_activities_with_contact_name" time="0.905" /><testcase classname="backend.tests.test_audit_api" name="test_audit_list_empty_initially" time="1.163" /><testcase classname="backend.tests.test_audit_api" name="test_audit_record_created_on_contact_create" time="0.751" /><testcase classname="backend.tests.test_audit_api" name="test_audit_record_created_on_contact_update" time="0.957" /><testcase classname="backend.tests.test_audit_api" name="test_audit_record_created_on_contact_delete" time="0.917" /><testcase classname="backend.tests.test_audit_api" name="test_audit_record_includes_actor_identity" time="0.832" /><testcase classname="backend.tests.test_audit_api" name="test_audit_record_created_on_template_create" time="0.849" /><testcase classname="backend.tests.test_audit_api" name="test_audit_record_created_on_lead_create" time="1.234" /><testcase classname="backend.tests.test_audit_api" name="test_audit_record_created_on_activity_create" time="0.755" /><testcase classname="backend.tests.test_audit_api" name="test_audit_record_created_on_settings_update" time="0.753" /><testcase classname="backend.tests.test_audit_api" name="test_audit_list_unauthenticated_returns_401" time="0.672" /><testcase classname="backend.tests.test_audit_api" name="test_audit_list_non_admin_returns_403" time="0.920" /><testcase classname="backend.tests.test_audit_api" name="test_audit_records_have_timestamp" time="0.979" /><testcase classname="backend.tests.test_audit_api" name="test_audit_actor_shows_different_users" time="0.861" /><testcase classname="backend.tests.test_auth_api" name="test_auth_me_without_token_returns_401" time="0.674" /><testcase classname="backend.tests.test_auth_api" name="test_auth_me_with_invalid_token_returns_401" time="0.758" /><testcase classname="backend.tests.test_auth_api" name="test_auth_me_with_valid_admin_token_returns_200" time="1.022" /><testcase classname="backend.tests.test_auth_api" name="test_auth_me_with_valid_user_token_returns_200" time="0.736" /><testcase classname="backend.tests.test_auth_api" name="test_auth_me_admin_token_has_admin_role" time="0.655" /><testcase classname="backend.tests.test_auth_api" name="test_auth_me_user_token_does_not_have_admin_role" time="0.733" /><testcase classname="backend.tests.test_authorization" name="test_contacts_list_unauthenticated_returns_401" time="1.145" /><testcase classname="backend.tests.test_authorization" name="test_contacts_list_non_admin_returns_403" time="0.749" /><testcase classname="backend.tests.test_authorization" name="test_contacts_list_admin_succeeds" time="0.686" /><testcase classname="backend.tests.test_authorization" name="test_contacts_create_non_admin_returns_403" time="0.635" /><testcase classname="backend.tests.test_authorization" name="test_contacts_create_admin_succeeds" time="1.051" /><testcase classname="backend.tests.test_authorization" name="test_contacts_update_non_admin_returns_403" time="0.827" /><testcase classname="backend.tests.test_authorization" name="test_contacts_delete_non_admin_returns_403" time="0.712" /><testcase classname="backend.tests.test_authorization" name="test_templates_list_unauthenticated_returns_401" time="0.751" /><testcase classname="backend.tests.test_authorization" name="test_templates_list_authenticated_user_succeeds" time="0.662" /><testcase classname="backend.tests.test_authorization" name="test_templates_create_non_admin_returns_403" time="0.636" /><testcase classname="backend.tests.test_authorization" name="test_templates_create_admin_succeeds" time="0.872" /><testcase classname="backend.tests.test_authorization" name="test_leads_list_unauthenticated_returns_401" time="0.569" /><testcase classname="backend.tests.test_authorization" name="test_leads_list_authenticated_user_succeeds" time="0.619" /><testcase classname="backend.tests.test_authorization" name="test_leads_create_non_admin_returns_403" time="0.664" /><testcase classname="backend.tests.test_authorization" name="test_leads_create_admin_succeeds" time="0.839" /><testcase classname="backend.tests.test_authorization" name="test_activities_list_unauthenticated_returns_401" time="0.759" /><testcase classname="backend.tests.test_authorization" name="test_activities_list_authenticated_user_succeeds" time="0.971" /><testcase classname="backend.tests.test_authorization" name="test_activities_create_non_admin_returns_403" time="0.762" /><testcase classname="backend.tests.test_authorization" name="test_activities_create_admin_succeeds" time="0.774" /><testcase classname="backend.tests.test_authorization" name="test_settings_read_unauthenticated_returns_401" time="0.876" /><testcase classname="backend.tests.test_authorization" name="test_settings_read_authenticated_user_succeeds" time="0.796" /><testcase classname="backend.tests.test_authorization" name="test_settings_update_non_admin_returns_403" time="1.054" /><testcase classname="backend.tests.test_authorization" name="test_settings_update_admin_succeeds" time="0.756" /><testcase classname="backend.tests.test_authorization" name="test_audit_list_unauthenticated_returns_401" time="0.617" /><testcase classname="backend.tests.test_authorization" name="test_audit_list_non_admin_returns_403" time="0.677" /><testcase classname="backend.tests.test_authorization" name="test_audit_list_admin_succeeds" time="0.873" /><testcase classname="backend.tests.test_contacts_api" name="test_contacts_list_empty" time="0.866" /><testcase classname="backend.tests.test_contacts_api" name="test_contacts_list_unauthenticated_returns_401" time="0.690" /><testcase classname="backend.tests.test_contacts_api" name="test_contacts_create_admin" time="0.715" /><testcase classname="backend.tests.test_contacts_api" name="test_contacts_create_requires_name" time="0.600" /><testcase classname="backend.tests.test_contacts_api" name="test_contacts_update_admin" time="1.378" /><testcase classname="backend.tests.test_contacts_api" name="test_contacts_update_nonexistent" time="0.730" /><testcase classname="backend.tests.test_contacts_api" name="test_contacts_delete_admin" time="0.757" /><testcase classname="backend.tests.test_contacts_api" name="test_contacts_delete_nonexistent" time="0.643" /><testcase classname="backend.tests.test_contacts_api" name="test_contacts_create_multiple" time="1.052" /><testcase classname="backend.tests.test_contacts_api" name="test_contacts_create_non_admin_returns_403" time="0.834" /><testcase classname="backend.tests.test_contacts_api" name="test_contacts_update_non_admin_returns_403" time="1.258" /><testcase classname="backend.tests.test_contacts_api" name="test_contacts_delete_non_admin_returns_403" time="0.741" /><testcase classname="backend.tests.test_health_api" name="test_health_returns_success" time="0.548" /><testcase classname="backend.tests.test_health_api" name="test_health_returns_version" time="0.699" /><testcase classname="backend.tests.test_health_api" name="test_root_returns_success" time="1.051" /><testcase classname="backend.tests.test_health_api" name="test_health_version_returns_only_version" time="0.999" /><testcase classname="backend.tests.test_leads_api" name="test_leads_list_empty" time="0.804" /><testcase classname="backend.tests.test_leads_api" name="test_leads_list_unauthenticated_returns_401" time="0.993" /><testcase classname="backend.tests.test_leads_api" name="test_leads_create_admin" time="0.751" /><testcase classname="backend.tests.test_leads_api" name="test_leads_create_requires_name" time="0.686" /><testcase classname="backend.tests.test_leads_api" name="test_leads_read_by_id" time="0.701" /><testcase classname="backend.tests.test_leads_api" name="test_leads_read_nonexistent" time="0.680" /><testcase classname="backend.tests.test_leads_api" name="test_leads_update_admin" time="0.804" /><testcase classname="backend.tests.test_leads_api" name="test_leads_delete_admin" time="0.880" /><testcase classname="backend.tests.test_leads_api" name="test_leads_delete_nonexistent" time="1.153" /><testcase classname="backend.tests.test_leads_api" name="test_leads_stage_defaults_to_new" time="0.789" /><testcase classname="backend.tests.test_leads_api" name="test_leads_create_non_admin_returns_403" time="0.637" /><testcase classname="backend.tests.test_leads_api" name="test_leads_update_non_admin_returns_403" time="0.810" /><testcase classname="backend.tests.test_leads_api" name="test_leads_delete_non_admin_returns_403" time="0.715" /><testcase classname="backend.tests.test_leads_api" name="test_leads_with_value" time="0.730" /><testcase classname="backend.tests.test_migrations" name="test_migration_applies_cleanly" time="1.093" /><testcase classname="backend.tests.test_migrations" name="test_core_tables_exist_after_migration" time="0.659" /><testcase classname="backend.tests.test_migrations" name="test_contacts_table_schema" time="0.787" /><testcase classname="backend.tests.test_migrations" name="test_audit_log_table_schema" time="0.666" /><testcase classname="backend.tests.test_migrations" name="test_activities_table_has_indexes" time="0.662" /><testcase classname="backend.tests.test_migrations" name="test_settings_table_has_default_id" time="0.688" /><testcase classname="backend.tests.test_migrations" name="test_migration_downgrade_and_upgrade" time="3.326" /><testcase classname="backend.tests.test_openapi_contract.TestOpenAPISchemaGeneration" name="test_openapi_schema_is_valid_json" time="1.153" /><testcase classname="backend.tests.test_openapi_contract.TestOpenAPISchemaGeneration" name="test_critical_paths_are_registered" time="0.735" /><testcase classname="backend.tests.test_openapi_contract.TestOpenAPISchemaGeneration" name="test_response_schemas_exist" time="0.983" /><testcase classname="backend.tests.test_openapi_contract.TestOpenAPISchemaGeneration" name="test_committed_artifact_matches_generated_schema" time="0.885"><failure message="AssertionError: Live OpenAPI schema differs from committed artifact. Regenerate with: python3 scripts/export_openapi.py&#10;assert {'components'..., ...}}, ...}} == {'components'..., ...}}, ...}}&#10;  &#10;  Omitting 1 identical items, use -vv to show&#10;  Differing items:&#10;  {'paths': {'/': {'get': {'operationId': 'root__get', 'responses': {'200': {'content': {...}, 'description': 'Successfu.....}, 'description': 'Successful Response'}, '422': {'content': {...}, 'description': 'Validation Error'}}, ...}}, ...}} != {'paths': {'/': {'get': {'operationId': 'root__get', 'responses': {'200': {'content': {...}, 'description': 'Successfu.....}, 'description': 'Successful Response'}, '422': {'content': {...}, 'description': 'Validation Error'}}, ...}}, ...}}&#10;  {'info': {'title': 'AICRM', 'vers...&#10;  &#10;  ...Full output truncated (3 lines hidden), use '-vv' to show">self = &lt;test_openapi_contract.TestOpenAPISchemaGeneration object at 0x7fd858fd7ed0&gt;
client = &lt;starlette.testclient.TestClient object at 0x7fd85350df10&gt;

    def test_committed_artifact_matches_generated_schema(self, client: TestClient):
        """The committed openapi.json must match the live schema."""
        live_schema = client.get("/openapi.json").json()
        artifact_path = "openapi.json"
    
        try:
            with open(artifact_path) as f:
                committed_schema = json.load(f)
        except FileNotFoundError:
            pytest.fail(
                f"Contract artifact not found at {artifact_path}. Run: python3 scripts/export_openapi.py"
            )
    
&gt;       assert live_schema == committed_schema, (
            "Live OpenAPI schema differs from committed artifact. "
            "Regenerate with: python3 scripts/export_openapi.py"
        )
E       AssertionError: Live OpenAPI schema differs from committed artifact. Regenerate with: python3 scripts/export_openapi.py
E       assert {'components'..., ...}}, ...}} == {'components'..., ...}}, ...}}
E         
E         Omitting 1 identical items, use -vv to show
E         Differing items:
E         {'paths': {'/': {'get': {'operationId': 'root__get', 'responses': {'200': {'content': {...}, 'description': 'Successfu.....}, 'description': 'Successful Response'}, '422': {'content': {...}, 'description': 'Validation Error'}}, ...}}, ...}} != {'paths': {'/': {'get': {'operationId': 'root__get', 'responses': {'200': {'content': {...}, 'description': 'Successfu.....}, 'description': 'Successful Response'}, '422': {'content': {...}, 'description': 'Validation Error'}}, ...}}, ...}}
E         {'info': {'title': 'AICRM', 'vers...
E         
E         ...Full output truncated (3 lines hidden), use '-vv' to show

tests/test_openapi_contract.py:95: AssertionError</failure></testcase><testcase classname="backend.tests.test_settings_api" name="test_settings_read_returns_200" time="0.644" /><testcase classname="backend.tests.test_settings_api" name="test_settings_read_authenticated_user_succeeds" time="0.899" /><testcase classname="backend.tests.test_settings_api" name="test_settings_update_admin" time="0.785" /><testcase classname="backend.tests.test_settings_api" name="test_settings_update_non_admin_returns_403" time="0.640" /><testcase classname="backend.tests.test_settings_api" name="test_settings_update_persists" time="0.700" /><testcase classname="backend.tests.test_settings_api" name="test_settings_update_merges_payload" time="0.823" /><testcase classname="backend.tests.test_templates_api" name="test_templates_list_empty" time="0.640" /><testcase classname="backend.tests.test_templates_api" name="test_templates_list_unauthenticated_returns_401" time="0.660" /><testcase classname="backend.tests.test_templates_api" name="test_templates_create_admin" time="0.752" /><testcase classname="backend.tests.test_templates_api" name="test_templates_create_requires_name" time="0.787" /><testcase classname="backend.tests.test_templates_api" name="test_templates_create_invalid_category" time="0.931" /><testcase classname="backend.tests.test_templates_api" name="test_templates_update_admin" time="0.914" /><testcase classname="backend.tests.test_templates_api" name="test_templates_update_nonexistent" time="0.963" /><testcase classname="backend.tests.test_templates_api" name="test_templates_delete_admin" time="0.810" /><testcase classname="backend.tests.test_templates_api" name="test_templates_delete_nonexistent" time="0.663" /><testcase classname="backend.tests.test_templates_api" name="test_templates_category_defaults_to_other" time="0.804" /><testcase classname="backend.tests.test_templates_api" name="test_templates_create_non_admin_returns_403" time="0.856" /><testcase classname="backend.tests.test_templates_api" name="test_templates_update_non_admin_returns_403" time="1.117" /></testsuite></testsuites>