<?xml version="1.0" encoding="utf-8"?><testsuites name="pytest tests"><testsuite name="pytest" errors="0" failures="0" skipped="0" tests="134" time="126.101" timestamp="2026-07-03T14:34:42.767792+00:00" hostname="a4bea7d65e83"><testcase classname="backend.tests.test_activities_api" name="test_activities_list_empty" time="2.463" /><testcase classname="backend.tests.test_activities_api" name="test_activities_list_unauthenticated_returns_401" time="0.729" /><testcase classname="backend.tests.test_activities_api" name="test_activities_create_admin" time="0.806" /><testcase classname="backend.tests.test_activities_api" name="test_activities_create_requires_type" time="0.796" /><testcase classname="backend.tests.test_activities_api" name="test_activities_create_requires_description" time="1.047" /><testcase classname="backend.tests.test_activities_api" name="test_activities_read_by_id" time="0.816" /><testcase classname="backend.tests.test_activities_api" name="test_activities_read_nonexistent" time="0.921" /><testcase classname="backend.tests.test_activities_api" name="test_activities_update_admin" time="0.860" /><testcase classname="backend.tests.test_activities_api" name="test_activities_delete_admin" time="0.855" /><testcase classname="backend.tests.test_activities_api" name="test_activities_delete_nonexistent" time="1.217" /><testcase classname="backend.tests.test_activities_api" name="test_activities_status_defaults_to_pending" time="1.409" /><testcase classname="backend.tests.test_activities_api" name="test_activities_create_non_admin_returns_403" time="0.677" /><testcase classname="backend.tests.test_activities_api" name="test_activities_update_non_admin_returns_403" time="0.952" /><testcase classname="backend.tests.test_activities_api" name="test_activities_delete_non_admin_returns_403" time="0.756" /><testcase classname="backend.tests.test_activities_api" name="test_activities_with_contact_name" time="1.262" /><testcase classname="backend.tests.test_audit_api" name="test_audit_list_empty_initially" time="0.881" /><testcase classname="backend.tests.test_audit_api" name="test_audit_record_created_on_contact_create" time="1.034" /><testcase classname="backend.tests.test_audit_api" name="test_audit_record_created_on_contact_update" time="1.008" /><testcase classname="backend.tests.test_audit_api" name="test_audit_record_created_on_contact_delete" time="1.074" /><testcase classname="backend.tests.test_audit_api" name="test_audit_record_includes_actor_identity" time="0.793" /><testcase classname="backend.tests.test_audit_api" name="test_audit_record_created_on_template_create" time="0.599" /><testcase classname="backend.tests.test_audit_api" name="test_audit_record_created_on_lead_create" time="0.891" /><testcase classname="backend.tests.test_audit_api" name="test_audit_record_created_on_activity_create" time="0.799" /><testcase classname="backend.tests.test_audit_api" name="test_audit_record_created_on_settings_update" time="0.701" /><testcase classname="backend.tests.test_audit_api" name="test_audit_list_unauthenticated_returns_401" time="0.844" /><testcase classname="backend.tests.test_audit_api" name="test_audit_list_non_admin_returns_403" time="0.582" /><testcase classname="backend.tests.test_audit_api" name="test_audit_records_have_timestamp" time="0.962" /><testcase classname="backend.tests.test_audit_api" name="test_audit_actor_shows_different_users" time="0.908" /><testcase classname="backend.tests.test_auth_api" name="test_auth_me_without_token_returns_401" time="0.594" /><testcase classname="backend.tests.test_auth_api" name="test_auth_me_with_invalid_token_returns_401" time="0.957" /><testcase classname="backend.tests.test_auth_api" name="test_auth_me_with_valid_admin_token_returns_200" time="0.727" /><testcase classname="backend.tests.test_auth_api" name="test_auth_me_with_valid_user_token_returns_200" time="0.981" /><testcase classname="backend.tests.test_auth_api" name="test_auth_me_admin_token_has_admin_role" time="1.008" /><testcase classname="backend.tests.test_auth_api" name="test_auth_me_user_token_does_not_have_admin_role" time="1.033" /><testcase classname="backend.tests.test_authorization" name="test_contacts_list_unauthenticated_returns_401" time="1.082" /><testcase classname="backend.tests.test_authorization" name="test_contacts_list_non_admin_returns_403" time="0.725" /><testcase classname="backend.tests.test_authorization" name="test_contacts_list_admin_succeeds" time="0.828" /><testcase classname="backend.tests.test_authorization" name="test_contacts_create_non_admin_returns_403" time="1.222" /><testcase classname="backend.tests.test_authorization" name="test_contacts_create_admin_succeeds" time="0.657" /><testcase classname="backend.tests.test_authorization" name="test_contacts_update_non_admin_returns_403" time="0.668" /><testcase classname="backend.tests.test_authorization" name="test_contacts_delete_non_admin_returns_403" time="0.716" /><testcase classname="backend.tests.test_authorization" name="test_templates_list_unauthenticated_returns_401" time="0.781" /><testcase classname="backend.tests.test_authorization" name="test_templates_list_authenticated_user_succeeds" time="0.770" /><testcase classname="backend.tests.test_authorization" name="test_templates_create_non_admin_returns_403" time="0.597" /><testcase classname="backend.tests.test_authorization" name="test_templates_create_admin_succeeds" time="0.756" /><testcase classname="backend.tests.test_authorization" name="test_leads_list_unauthenticated_returns_401" time="0.859" /><testcase classname="backend.tests.test_authorization" name="test_leads_list_authenticated_user_succeeds" time="1.122" /><testcase classname="backend.tests.test_authorization" name="test_leads_create_non_admin_returns_403" time="0.929" /><testcase classname="backend.tests.test_authorization" name="test_leads_create_admin_succeeds" time="0.797" /><testcase classname="backend.tests.test_authorization" name="test_activities_list_unauthenticated_returns_401" time="0.976" /><testcase classname="backend.tests.test_authorization" name="test_activities_list_authenticated_user_succeeds" time="0.870" /><testcase classname="backend.tests.test_authorization" name="test_activities_create_non_admin_returns_403" time="0.897" /><testcase classname="backend.tests.test_authorization" name="test_activities_create_admin_succeeds" time="0.705" /><testcase classname="backend.tests.test_authorization" name="test_settings_read_unauthenticated_returns_401" time="1.251" /><testcase classname="backend.tests.test_authorization" name="test_settings_read_authenticated_user_succeeds" time="0.704" /><testcase classname="backend.tests.test_authorization" name="test_settings_update_non_admin_returns_403" time="0.596" /><testcase classname="backend.tests.test_authorization" name="test_settings_update_admin_succeeds" time="0.831" /><testcase classname="backend.tests.test_authorization" name="test_audit_list_unauthenticated_returns_401" time="0.676" /><testcase classname="backend.tests.test_authorization" name="test_audit_list_non_admin_returns_403" time="0.617" /><testcase classname="backend.tests.test_authorization" name="test_audit_list_admin_succeeds" time="0.719" /><testcase classname="backend.tests.test_companies_api" name="test_company_list_unauthenticated_returns_401" time="0.939" /><testcase classname="backend.tests.test_companies_api" name="test_company_create_requires_name" time="0.993" /><testcase classname="backend.tests.test_companies_api" name="test_company_create_non_admin_returns_403" time="0.940" /><testcase classname="backend.tests.test_companies_api" name="test_company_update_non_admin_returns_403" time="1.043" /><testcase classname="backend.tests.test_companies_api" name="test_company_delete_non_admin_returns_403" time="0.772" /><testcase classname="backend.tests.test_companies_api" name="test_companies_crud" time="1.252" /><testcase classname="backend.tests.test_companies_include_deleted" name="test_companies_include_deleted" time="0.982" /><testcase classname="backend.tests.test_companies_pagination" name="test_companies_list_pagination" time="0.954" /><testcase classname="backend.tests.test_companies_soft_delete" name="test_companies_soft_delete" time="1.007" /><testcase classname="backend.tests.test_company_id_flow" name="test_company_id_round_trips" time="0.833" /><testcase classname="backend.tests.test_company_id_ref_errors" name="test_company_id_bad_reference_returns_4xx" time="0.882" /><testcase classname="backend.tests.test_contacts_api" name="test_contacts_list_empty" time="0.638" /><testcase classname="backend.tests.test_contacts_api" name="test_contacts_list_unauthenticated_returns_401" time="0.779" /><testcase classname="backend.tests.test_contacts_api" name="test_contacts_create_admin" time="0.848" /><testcase classname="backend.tests.test_contacts_api" name="test_contacts_create_requires_name" time="0.704" /><testcase classname="backend.tests.test_contacts_api" name="test_contacts_update_admin" time="1.062" /><testcase classname="backend.tests.test_contacts_api" name="test_contacts_update_nonexistent" time="1.039" /><testcase classname="backend.tests.test_contacts_api" name="test_contacts_delete_admin" time="1.291" /><testcase classname="backend.tests.test_contacts_api" name="test_contacts_delete_nonexistent" time="0.676" /><testcase classname="backend.tests.test_contacts_api" name="test_contacts_create_multiple" time="1.025" /><testcase classname="backend.tests.test_contacts_api" name="test_contacts_create_non_admin_returns_403" time="0.726" /><testcase classname="backend.tests.test_contacts_api" name="test_contacts_update_non_admin_returns_403" time="1.210" /><testcase classname="backend.tests.test_contacts_api" name="test_contacts_delete_non_admin_returns_403" time="1.323" /><testcase classname="backend.tests.test_contacts_company_id_filter" name="test_contacts_list_filters_by_company_id" time="0.968" /><testcase classname="backend.tests.test_health_api" name="test_health_returns_success" time="0.749" /><testcase classname="backend.tests.test_health_api" name="test_health_returns_version" time="0.896" /><testcase classname="backend.tests.test_health_api" name="test_root_returns_success" time="1.200" /><testcase classname="backend.tests.test_health_api" name="test_health_version_returns_only_version" time="1.082" /><testcase classname="backend.tests.test_idx_companies_deleted_at_partial" name="test_idx_companies_deleted_at_partial_exists" time="0.958" /><testcase classname="backend.tests.test_leads_api" name="test_leads_list_empty" time="0.872" /><testcase classname="backend.tests.test_leads_api" name="test_leads_list_unauthenticated_returns_401" time="0.826" /><testcase classname="backend.tests.test_leads_api" name="test_leads_create_admin" time="0.874" /><testcase classname="backend.tests.test_leads_api" name="test_leads_create_requires_name" time="1.093" /><testcase classname="backend.tests.test_leads_api" name="test_leads_read_by_id" time="1.048" /><testcase classname="backend.tests.test_leads_api" name="test_leads_read_nonexistent" time="0.781" /><testcase classname="backend.tests.test_leads_api" name="test_leads_update_admin" time="0.984" /><testcase classname="backend.tests.test_leads_api" name="test_leads_delete_admin" time="0.833" /><testcase classname="backend.tests.test_leads_api" name="test_leads_delete_nonexistent" time="0.708" /><testcase classname="backend.tests.test_leads_api" name="test_leads_stage_defaults_to_new" time="0.867" /><testcase classname="backend.tests.test_leads_api" name="test_leads_create_non_admin_returns_403" time="0.794" /><testcase classname="backend.tests.test_leads_api" name="test_leads_update_non_admin_returns_403" time="0.717" /><testcase classname="backend.tests.test_leads_api" name="test_leads_delete_non_admin_returns_403" time="0.747" /><testcase classname="backend.tests.test_leads_api" name="test_leads_with_value" time="1.340" /><testcase classname="backend.tests.test_leads_company_id_filter" name="test_leads_list_filters_by_company_id" time="1.081" /><testcase classname="backend.tests.test_leads_company_id_flow" name="test_leads_company_id_round_trips" time="0.848" /><testcase classname="backend.tests.test_migrations" name="test_migration_applies_cleanly" time="0.724" /><testcase classname="backend.tests.test_migrations" name="test_core_tables_exist_after_migration" time="0.983" /><testcase classname="backend.tests.test_migrations" name="test_contacts_table_schema" time="1.011" /><testcase classname="backend.tests.test_migrations" name="test_audit_log_table_schema" time="0.795" /><testcase classname="backend.tests.test_migrations" name="test_activities_table_has_indexes" time="0.667" /><testcase classname="backend.tests.test_migrations" name="test_settings_table_has_default_id" time="0.828" /><testcase classname="backend.tests.test_migrations" name="test_migration_downgrade_and_upgrade" time="3.123" /><testcase classname="backend.tests.test_openapi_contract.TestOpenAPISchemaGeneration" name="test_openapi_schema_is_valid_json" time="1.044" /><testcase classname="backend.tests.test_openapi_contract.TestOpenAPISchemaGeneration" name="test_critical_paths_are_registered" time="0.947" /><testcase classname="backend.tests.test_openapi_contract.TestOpenAPISchemaGeneration" name="test_response_schemas_exist" time="0.951" /><testcase classname="backend.tests.test_openapi_contract.TestOpenAPISchemaGeneration" name="test_committed_artifact_matches_generated_schema" time="0.991" /><testcase classname="backend.tests.test_settings_api" name="test_settings_read_returns_200" time="0.850" /><testcase classname="backend.tests.test_settings_api" name="test_settings_read_authenticated_user_succeeds" time="1.300" /><testcase classname="backend.tests.test_settings_api" name="test_settings_update_admin" time="0.819" /><testcase classname="backend.tests.test_settings_api" name="test_settings_update_non_admin_returns_403" time="1.343" /><testcase classname="backend.tests.test_settings_api" name="test_settings_update_persists" time="0.878" /><testcase classname="backend.tests.test_settings_api" name="test_settings_update_merges_payload" time="0.826" /><testcase classname="backend.tests.test_templates_api" name="test_templates_list_empty" time="1.213" /><testcase classname="backend.tests.test_templates_api" name="test_templates_list_unauthenticated_returns_401" time="0.935" /><testcase classname="backend.tests.test_templates_api" name="test_templates_create_admin" time="0.773" /><testcase classname="backend.tests.test_templates_api" name="test_templates_create_requires_name" time="0.728" /><testcase classname="backend.tests.test_templates_api" name="test_templates_create_invalid_category" time="0.990" /><testcase classname="backend.tests.test_templates_api" name="test_templates_update_admin" time="1.306" /><testcase classname="backend.tests.test_templates_api" name="test_templates_update_nonexistent" time="0.807" /><testcase classname="backend.tests.test_templates_api" name="test_templates_delete_admin" time="0.825" /><testcase classname="backend.tests.test_templates_api" name="test_templates_delete_nonexistent" time="0.797" /><testcase classname="backend.tests.test_templates_api" name="test_templates_category_defaults_to_other" time="0.781" /><testcase classname="backend.tests.test_templates_api" name="test_templates_create_non_admin_returns_403" time="0.808" /><testcase classname="backend.tests.test_templates_api" name="test_templates_update_non_admin_returns_403" time="1.410" /></testsuite></testsuites>